

Version:	3.50
CmdLine:	C:\Users\Arca\OneDrive\Belgeler\NetBeansProjects\inventoryQR\inventoryQR.exe --l4j-debug
JNI:		No
WOW64:		Yes
Requires JDK:	No
Requires 64-Bit: Yes
Java min ver:	1.018.000
Java max ver:	
Substitute:	JAVA_HOME = 
JRE paths:	
64-bit search:	SOFTWARE\JavaSoft\Java Runtime Environment...
Check:		SOFTWARE\JavaSoft\Java Runtime Environment\1.8
Version string: 1.008.000 / 64-Bit (Ignore)
Ignore:		1.008.000
Check:		SOFTWARE\JavaSoft\Java Runtime Environment\1.8.0_401
Version string: 1.008.000_401 / 64-Bit (Ignore)
Ignore:		1.008.000_401
64-bit search:	SOFTWARE\JavaSoft\Java Development Kit...
Check:		SOFTWARE\JavaSoft\Java Development Kit\1.8
Version string: 1.008.000 / 64-Bit (Ignore)
Ignore:		1.008.000
Check:		SOFTWARE\JavaSoft\Java Development Kit\1.8.0_202
Version string: 1.008.000_202 / 64-Bit (Ignore)
Ignore:		1.008.000_202
64-bit search:	SOFTWARE\JavaSoft\JRE...
64-bit search:	SOFTWARE\JavaSoft\JDK...
Check:		SOFTWARE\JavaSoft\JDK\18.0.2.1
Warning:	formatJavaVersion() too many parts added.
Version string: 1.018.000_002 / 64-Bit (OK)
Check launcher:	C:\Program Files\Java\jdk-18.0.2.1\bin\javaw.exe (OK)
Match:		1.018.000_002
Runtime used:	1.018.000_002 (64-bit)
Substitute:	EXEDIR = C:\Users\Arca\OneDrive\Belgeler\NetBeansProjects\inventoryQR
Launcher:	C:\Program Files\Java\jdk-18.0.2.1\bin\javaw.exe
Launcher args:	-Dlaunch4j.exed?r="C:\Users\Arca\OneDrive\Belgeler\NetBeansProjects\inventoryQR" -jar "C:\Users\Arca\OneDrive\Belgeler\NetBeansProjects\inventoryQR\inventoryQR.exe"
Args length:	164/32768 chars
Exit code:	0


Version:	3.50
CmdLine:	C:\Users\Arca\OneDrive\Belgeler\NetBeansProjects\inventoryQR\inventoryQR.exe --l4j-debug
JNI:		No
WOW64:		Yes
Requires JDK:	No
Requires 64-Bit: Yes
Java min ver:	1.018.000
Java max ver:	
Substitute:	JAVA_HOME = 
JRE paths:	
64-bit search:	SOFTWARE\JavaSoft\Java Runtime Environment...
Check:		SOFTWARE\JavaSoft\Java Runtime Environment\1.8
Version string: 1.008.000 / 64-Bit (Ignore)
Ignore:		1.008.000
Check:		SOFTWARE\JavaSoft\Java Runtime Environment\1.8.0_401
Version string: 1.008.000_401 / 64-Bit (Ignore)
Ignore:		1.008.000_401
64-bit search:	SOFTWARE\JavaSoft\Java Development Kit...
Check:		SOFTWARE\JavaSoft\Java Development Kit\1.8
Version string: 1.008.000 / 64-Bit (Ignore)
Ignore:		1.008.000
Check:		SOFTWARE\JavaSoft\Java Development Kit\1.8.0_202
Version string: 1.008.000_202 / 64-Bit (Ignore)
Ignore:		1.008.000_202
64-bit search:	SOFTWARE\JavaSoft\JRE...
64-bit search:	SOFTWARE\JavaSoft\JDK...
Check:		SOFTWARE\JavaSoft\JDK\18.0.2.1
Warning:	formatJavaVersion() too many parts added.
Version string: 1.018.000_002 / 64-Bit (OK)
Check launcher:	C:\Program Files\Java\jdk-18.0.2.1\bin\javaw.exe (OK)
Match:		1.018.000_002
Runtime used:	1.018.000_002 (64-bit)
Substitute:	EXEDIR = C:\Users\Arca\OneDrive\Belgeler\NetBeansProjects\inventoryQR
Launcher:	C:\Program Files\Java\jdk-18.0.2.1\bin\javaw.exe
Launcher args:	-Dlaunch4j.exed?r="C:\Users\Arca\OneDrive\Belgeler\NetBeansProjects\inventoryQR" -jar "C:\Users\Arca\OneDrive\Belgeler\NetBeansProjects\inventoryQR\inventoryQR.exe"
Args length:	164/32768 chars
Exit code:	0


Version:	3.50
CmdLine:	C:\Users\Arca\OneDrive\Belgeler\NetBeansProjects\inventoryQR\inventoryQR.exe --l4j-debug
JNI:		No
WOW64:		Yes
Requires JDK:	No
Requires 64-Bit: Yes
Java min ver:	1.018.000
Java max ver:	
Substitute:	JAVA_HOME = 
JRE paths:	
64-bit search:	SOFTWARE\JavaSoft\Java Runtime Environment...
Check:		SOFTWARE\JavaSoft\Java Runtime Environment\1.8
Version string: 1.008.000 / 64-Bit (Ignore)
Ignore:		1.008.000
Check:		SOFTWARE\JavaSoft\Java Runtime Environment\1.8.0_401
Version string: 1.008.000_401 / 64-Bit (Ignore)
Ignore:		1.008.000_401
64-bit search:	SOFTWARE\JavaSoft\Java Development Kit...
Check:		SOFTWARE\JavaSoft\Java Development Kit\1.8
Version string: 1.008.000 / 64-Bit (Ignore)
Ignore:		1.008.000
Check:		SOFTWARE\JavaSoft\Java Development Kit\1.8.0_202
Version string: 1.008.000_202 / 64-Bit (Ignore)
Ignore:		1.008.000_202
64-bit search:	SOFTWARE\JavaSoft\JRE...
64-bit search:	SOFTWARE\JavaSoft\JDK...
Check:		SOFTWARE\JavaSoft\JDK\18.0.2.1
Warning:	formatJavaVersion() too many parts added.
Version string: 1.018.000_002 / 64-Bit (OK)
Check launcher:	C:\Program Files\Java\jdk-18.0.2.1\bin\javaw.exe (OK)
Match:		1.018.000_002
Runtime used:	1.018.000_002 (64-bit)
Substitute:	EXEDIR = C:\Users\Arca\OneDrive\Belgeler\NetBeansProjects\inventoryQR
Launcher:	C:\Program Files\Java\jdk-18.0.2.1\bin\javaw.exe
Launcher args:	-Dlaunch4j.exed?r="C:\Users\Arca\OneDrive\Belgeler\NetBeansProjects\inventoryQR" -jar "C:\Users\Arca\OneDrive\Belgeler\NetBeansProjects\inventoryQR\inventoryQR.exe"
Args length:	164/32768 chars
Exit code:	0


Version:	3.50
CmdLine:	C:\Users\Arca\OneDrive\Belgeler\NetBeansProjects\inventoryQR\inventoryQR.exe --l4j-debug
JNI:		No
WOW64:		Yes
Requires JDK:	No
Requires 64-Bit: Yes
Java min ver:	1.018.000
Java max ver:	
Substitute:	JAVA_HOME = 
JRE paths:	
64-bit search:	SOFTWARE\JavaSoft\Java Runtime Environment...
Check:		SOFTWARE\JavaSoft\Java Runtime Environment\1.7
Version string: 1.007.000 / 64-Bit (Ignore)
Ignore:		1.007.000
Check:		SOFTWARE\JavaSoft\Java Runtime Environment\1.7.0_80
Version string: 1.007.000_080 / 64-Bit (Ignore)
Ignore:		1.007.000_080
Check:		SOFTWARE\JavaSoft\Java Runtime Environment\1.8
Version string: 1.008.000 / 64-Bit (Ignore)
Ignore:		1.008.000
Check:		SOFTWARE\JavaSoft\Java Runtime Environment\1.8.0_401
Version string: 1.008.000_401 / 64-Bit (Ignore)
Ignore:		1.008.000_401
64-bit search:	SOFTWARE\JavaSoft\Java Development Kit...
Check:		SOFTWARE\JavaSoft\Java Development Kit\1.7
Version string: 1.007.000 / 64-Bit (Ignore)
Ignore:		1.007.000
Check:		SOFTWARE\JavaSoft\Java Development Kit\1.7.0_80
Version string: 1.007.000_080 / 64-Bit (Ignore)
Ignore:		1.007.000_080
Check:		SOFTWARE\JavaSoft\Java Development Kit\1.8
Version string: 1.008.000 / 64-Bit (Ignore)
Ignore:		1.008.000
Check:		SOFTWARE\JavaSoft\Java Development Kit\1.8.0_202
Version string: 1.008.000_202 / 64-Bit (Ignore)
Ignore:		1.008.000_202
64-bit search:	SOFTWARE\JavaSoft\JRE...
64-bit search:	SOFTWARE\JavaSoft\JDK...
Check:		SOFTWARE\JavaSoft\JDK\18.0.2.1
Warning:	formatJavaVersion() too many parts added.
Version string: 1.018.000_002 / 64-Bit (OK)
Check launcher:	C:\Program Files\Java\jdk-18.0.2.1\bin\javaw.exe (OK)
Match:		1.018.000_002
Runtime used:	1.018.000_002 (64-bit)
Substitute:	EXEDIR = C:\Users\Arca\OneDrive\Belgeler\NetBeansProjects\inventoryQR
Launcher:	C:\Program Files\Java\jdk-18.0.2.1\bin\javaw.exe
Launcher args:	-Dlaunch4j.exed?r="C:\Users\Arca\OneDrive\Belgeler\NetBeansProjects\inventoryQR" -jar "C:\Users\Arca\OneDrive\Belgeler\NetBeansProjects\inventoryQR\inventoryQR.exe"
Args length:	164/32768 chars
Exit code:	0


Version:	3.50
CmdLine:	C:\Users\Arca\OneDrive\Belgeler\NetBeansProjects\inventoryQR\inventoryQR.exe --l4j-debug
JNI:		No
WOW64:		Yes
Requires JDK:	No
Requires 64-Bit: Yes
Java min ver:	1.018.000
Java max ver:	
Substitute:	JAVA_HOME = 
JRE paths:	
64-bit search:	SOFTWARE\JavaSoft\Java Runtime Environment...
Check:		SOFTWARE\JavaSoft\Java Runtime Environment\1.7
Version string: 1.007.000 / 64-Bit (Ignore)
Ignore:		1.007.000
Check:		SOFTWARE\JavaSoft\Java Runtime Environment\1.7.0_80
Version string: 1.007.000_080 / 64-Bit (Ignore)
Ignore:		1.007.000_080
Check:		SOFTWARE\JavaSoft\Java Runtime Environment\1.8
Version string: 1.008.000 / 64-Bit (Ignore)
Ignore:		1.008.000
Check:		SOFTWARE\JavaSoft\Java Runtime Environment\1.8.0_401
Version string: 1.008.000_401 / 64-Bit (Ignore)
Ignore:		1.008.000_401
64-bit search:	SOFTWARE\JavaSoft\Java Development Kit...
Check:		SOFTWARE\JavaSoft\Java Development Kit\1.7
Version string: 1.007.000 / 64-Bit (Ignore)
Ignore:		1.007.000
Check:		SOFTWARE\JavaSoft\Java Development Kit\1.7.0_80
Version string: 1.007.000_080 / 64-Bit (Ignore)
Ignore:		1.007.000_080
Check:		SOFTWARE\JavaSoft\Java Development Kit\1.8
Version string: 1.008.000 / 64-Bit (Ignore)
Ignore:		1.008.000
Check:		SOFTWARE\JavaSoft\Java Development Kit\1.8.0_202
Version string: 1.008.000_202 / 64-Bit (Ignore)
Ignore:		1.008.000_202
64-bit search:	SOFTWARE\JavaSoft\JRE...
64-bit search:	SOFTWARE\JavaSoft\JDK...
Check:		SOFTWARE\JavaSoft\JDK\18.0.2.1
Warning:	formatJavaVersion() too many parts added.
Version string: 1.018.000_002 / 64-Bit (OK)
Check launcher:	C:\Program Files\Java\jdk-18.0.2.1\bin\javaw.exe (OK)
Match:		1.018.000_002
Runtime used:	1.018.000_002 (64-bit)
Substitute:	EXEDIR = C:\Users\Arca\OneDrive\Belgeler\NetBeansProjects\inventoryQR
Launcher:	C:\Program Files\Java\jdk-18.0.2.1\bin\javaw.exe
Launcher args:	-Dlaunch4j.exed?r="C:\Users\Arca\OneDrive\Belgeler\NetBeansProjects\inventoryQR" -jar "C:\Users\Arca\OneDrive\Belgeler\NetBeansProjects\inventoryQR\inventoryQR.exe"
Args length:	164/32768 chars
Exit code:	0


Version:	3.50
CmdLine:	C:\Users\Arca\OneDrive\Belgeler\NetBeansProjects\inventoryQR\inventoryQR.exe --l4j-debug
JNI:		No
WOW64:		Yes
Requires JDK:	No
Requires 64-Bit: Yes
Java min ver:	1.018.000
Java max ver:	
Substitute:	JAVA_HOME = 
JRE paths:	
64-bit search:	SOFTWARE\JavaSoft\Java Runtime Environment...
Check:		SOFTWARE\JavaSoft\Java Runtime Environment\1.7
Version string: 1.007.000 / 64-Bit (Ignore)
Ignore:		1.007.000
Check:		SOFTWARE\JavaSoft\Java Runtime Environment\1.7.0_80
Version string: 1.007.000_080 / 64-Bit (Ignore)
Ignore:		1.007.000_080
Check:		SOFTWARE\JavaSoft\Java Runtime Environment\1.8
Version string: 1.008.000 / 64-Bit (Ignore)
Ignore:		1.008.000
Check:		SOFTWARE\JavaSoft\Java Runtime Environment\1.8.0_401
Version string: 1.008.000_401 / 64-Bit (Ignore)
Ignore:		1.008.000_401
64-bit search:	SOFTWARE\JavaSoft\Java Development Kit...
Check:		SOFTWARE\JavaSoft\Java Development Kit\1.7
Version string: 1.007.000 / 64-Bit (Ignore)
Ignore:		1.007.000
Check:		SOFTWARE\JavaSoft\Java Development Kit\1.7.0_80
Version string: 1.007.000_080 / 64-Bit (Ignore)
Ignore:		1.007.000_080
Check:		SOFTWARE\JavaSoft\Java Development Kit\1.8
Version string: 1.008.000 / 64-Bit (Ignore)
Ignore:		1.008.000
Check:		SOFTWARE\JavaSoft\Java Development Kit\1.8.0_202
Version string: 1.008.000_202 / 64-Bit (Ignore)
Ignore:		1.008.000_202
64-bit search:	SOFTWARE\JavaSoft\JRE...
64-bit search:	SOFTWARE\JavaSoft\JDK...
Check:		SOFTWARE\JavaSoft\JDK\18.0.2.1
Warning:	formatJavaVersion() too many parts added.
Version string: 1.018.000_002 / 64-Bit (OK)
Check launcher:	C:\Program Files\Java\jdk-18.0.2.1\bin\javaw.exe (OK)
Match:		1.018.000_002
Runtime used:	1.018.000_002 (64-bit)
Substitute:	EXEDIR = C:\Users\Arca\OneDrive\Belgeler\NetBeansProjects\inventoryQR
Launcher:	C:\Program Files\Java\jdk-18.0.2.1\bin\javaw.exe
Launcher args:	-Dlaunch4j.exed?r="C:\Users\Arca\OneDrive\Belgeler\NetBeansProjects\inventoryQR" -jar "C:\Users\Arca\OneDrive\Belgeler\NetBeansProjects\inventoryQR\inventoryQR.exe"
Args length:	164/32768 chars
Exit code:	0


Version:	3.50
CmdLine:	C:\Users\Arca\OneDrive\Belgeler\NetBeansProjects\inventoryQR\inventoryQR.exe --l4j-debug
JNI:		No
WOW64:		Yes
Requires JDK:	No
Requires 64-Bit: Yes
Java min ver:	1.018.000
Java max ver:	
Substitute:	JAVA_HOME = 
JRE paths:	
64-bit search:	SOFTWARE\JavaSoft\Java Runtime Environment...
Check:		SOFTWARE\JavaSoft\Java Runtime Environment\1.7
Version string: 1.007.000 / 64-Bit (Ignore)
Ignore:		1.007.000
Check:		SOFTWARE\JavaSoft\Java Runtime Environment\1.7.0_80
Version string: 1.007.000_080 / 64-Bit (Ignore)
Ignore:		1.007.000_080
Check:		SOFTWARE\JavaSoft\Java Runtime Environment\1.8
Version string: 1.008.000 / 64-Bit (Ignore)
Ignore:		1.008.000
Check:		SOFTWARE\JavaSoft\Java Runtime Environment\1.8.0_401
Version string: 1.008.000_401 / 64-Bit (Ignore)
Ignore:		1.008.000_401
64-bit search:	SOFTWARE\JavaSoft\Java Development Kit...
Check:		SOFTWARE\JavaSoft\Java Development Kit\1.7
Version string: 1.007.000 / 64-Bit (Ignore)
Ignore:		1.007.000
Check:		SOFTWARE\JavaSoft\Java Development Kit\1.7.0_80
Version string: 1.007.000_080 / 64-Bit (Ignore)
Ignore:		1.007.000_080
Check:		SOFTWARE\JavaSoft\Java Development Kit\1.8
Version string: 1.008.000 / 64-Bit (Ignore)
Ignore:		1.008.000
Check:		SOFTWARE\JavaSoft\Java Development Kit\1.8.0_202
Version string: 1.008.000_202 / 64-Bit (Ignore)
Ignore:		1.008.000_202
64-bit search:	SOFTWARE\JavaSoft\JRE...
64-bit search:	SOFTWARE\JavaSoft\JDK...
Check:		SOFTWARE\JavaSoft\JDK\18.0.2.1
Warning:	formatJavaVersion() too many parts added.
Version string: 1.018.000_002 / 64-Bit (OK)
Check launcher:	C:\Program Files\Java\jdk-18.0.2.1\bin\javaw.exe (OK)
Match:		1.018.000_002
Runtime used:	1.018.000_002 (64-bit)
Substitute:	EXEDIR = C:\Users\Arca\OneDrive\Belgeler\NetBeansProjects\inventoryQR
Launcher:	C:\Program Files\Java\jdk-18.0.2.1\bin\javaw.exe
Launcher args:	-Dlaunch4j.exed?r="C:\Users\Arca\OneDrive\Belgeler\NetBeansProjects\inventoryQR" -jar "C:\Users\Arca\OneDrive\Belgeler\NetBeansProjects\inventoryQR\inventoryQR.exe"
Args length:	164/32768 chars
Exit code:	0
